[debug] [2023-08-26T03:10:39.334Z] ----------------------------------------------------------------------
[debug] [2023-08-26T03:10:39.337Z] Command:       C:\Program Files\nodejs\node.exe C:\Users\Alex Tan\AppData\Roaming\npm\node_modules\firebase-tools\lib\bin\firebase.js init
[debug] [2023-08-26T03:10:39.338Z] CLI Version:   12.5.2
[debug] [2023-08-26T03:10:39.338Z] Platform:      win32
[debug] [2023-08-26T03:10:39.338Z] Node Version:  v18.16.0
[debug] [2023-08-26T03:10:39.340Z] Time:          Sat Aug 26 2023 11:10:39 GMT+0800 (Singapore Standard Time)
[debug] [2023-08-26T03:10:39.340Z] ----------------------------------------------------------------------
[debug] 
[debug] [2023-08-26T03:10:39.349Z] > command requires scopes: ["email","openid","https://www.googleapis.com/auth/cloudplatformprojects.readonly","https://www.googleapis.com/auth/firebase","https://www.googleapis.com/auth/cloud-platform"]
[debug] [2023-08-26T03:10:39.350Z] > authorizing via signed-in user (adambft98@gmail.com)
[info] 
     ######## #### ########  ######## ########     ###     ######  ########
     ##        ##  ##     ## ##       ##     ##  ##   ##  ##       ##
     ######    ##  ########  ######   ########  #########  ######  ######
     ##        ##  ##    ##  ##       ##     ## ##     ##       ## ##
     ##       #### ##     ## ######## ########  ##     ##  ######  ########

You're about to initialize a Firebase project in this directory:

  C:\github_repos\zenbuddy

Before we get started, keep in mind:

  * You are currently outside your home directory

